<?xml version="1.0" encoding="UTF-8"?>
<!-- Generated by org.testng.reporters.JUnitReportReporter -->
<testsuite hostname="Archanas-Air.phub.net.cable.rogers.com" failures="0" tests="1" name="practice_jenkins.test" time="21.724" errors="0" timestamp="2023-07-18T13:20:06 EDT" skipped="0">
  <testcase classname="practice_jenkins.test" name="demo" time="21.724"/>
  <system-out/>
</testsuite> <!-- practice_jenkins.test -->
