<?xml version="1.0" encoding="UTF-8"?>
<!-- Generated by org.testng.reporters.JUnitReportReporter -->
<testsuite hostname="Archanas-Air.phub.net.cable.rogers.com" failures="0" tests="1" name="practice_jenkins.test" time="28.194" errors="0" timestamp="2023-07-19T13:43:21 EDT" skipped="0">
  <testcase classname="practice_jenkins.test" name="demo" time="28.194"/>
  <system-out/>
</testsuite> <!-- practice_jenkins.test -->
